[35;21m2025-11-10 14:21:50,805 [0m[30;1m[ERROR]: [0m[31;21min megamicros.log (ws.py:787): Failed to connect to remote server (ConnectionRefusedError): [Errno 10061] Connect call failed ('10.3.141.1', 9002)[0m
[35;21m2025-11-10 14:21:50,809 [0m[30;1m[ERROR]: [0m[31;21min megamicros.log (ws.py:808): Failed to set new settings (UnboundLocalError): cannot access local variable 'settings' where it is not associated with a value[0m
[35;21m2025-11-10 14:21:50,813 [0m[30;1m[ERROR]: [0m[31;21min megamicros.log (ws.py:238): Server connection failed: [Errno 10061] Connect call failed ('10.3.141.1', 9002)[0m
[35;21m2025-11-10 14:21:50,833 [0m[30;1m[ERROR]: [0m[31;21min megamicros.log (ws.py:200): Unable to connect to remote server 10.3.141.1:9002[0m
[35;21m2025-11-10 14:31:53,007 [0m[30;1m[ERROR]: [0m[31;21min megamicros.log (ws.py:300): Halt failed: Halt command failed on remote server: There is no listener job or run job to halt[0m
[35;21m2025-11-10 14:34:43,094 [0m[30;1m[ERROR]: [0m[31;21min megamicros.log (ws.py:648):  Listening loop stopped due to network error exception (MuException): H5 writing process failed: Unable to synchronously create group (invalid identifier type to function). Stop running.[0m
[35;21m2025-11-10 14:34:43,187 [0m[30;1m[ERROR]: [0m[31;21min megamicros.log (ws.py:300): Halt failed: Halt command failed on remote server: There is no listener job or run job to halt[0m
[35;21m2025-11-10 14:38:21,351 [0m[30;1m[ERROR]: [0m[31;21min megamicros.log (ws.py:300): Halt failed: Halt command failed on remote server: There is no listener job or run job to halt[0m
[35;21m2025-11-10 14:48:16,222 [0m[30;1m[ERROR]: [0m[31;21min megamicros.log (ws.py:300): Halt failed: Halt command failed on remote server: There is no listener job or run job to halt[0m
[35;21m2025-11-10 15:07:54,236 [0m[30;1m[ERROR]: [0m[31;21min megamicros.log (ws.py:648):  Listening loop stopped due to network error exception (MuException): H5 writing process failed: Unable to synchronously create dataset (invalid identifier type to function). Stop running.[0m
[35;21m2025-11-10 15:07:54,371 [0m[30;1m[ERROR]: [0m[31;21min megamicros.log (ws.py:300): Halt failed: Halt command failed on remote server: There is no listener job or run job to halt[0m
[35;21m2025-11-10 15:19:45,907 [0m[30;1m[ERROR]: [0m[31;21min megamicros.log (h5.py:629): Quitting run() execution on Exception (MemoryError): Unable to allocate 625. KiB for an array with shape (8, 20000) and data type int32[0m
[35;21m2025-11-10 15:20:27,004 [0m[30;1m[ERROR]: [0m[31;21min megamicros.log (h5.py:629): Quitting run() execution on Exception (MemoryError): Unable to allocate 625. KiB for an array with shape (8, 20000) and data type int32[0m
[35;21m2025-11-10 15:21:07,565 [0m[30;1m[ERROR]: [0m[31;21min megamicros.log (h5.py:629): Quitting run() execution on Exception (MemoryError): Unable to allocate 625. KiB for an array with shape (8, 20000) and data type int32[0m
[35;21m2025-11-10 16:14:00,706 [0m[30;1m[ERROR]: [0m[31;21min megamicros.log (ws.py:648):  Listening loop stopped due to network error exception (ConnectionClosedError): no close frame received or sent[0m
[35;21m2025-11-10 16:14:00,706 [0m[30;1m[ERROR]: [0m[31;21min megamicros.log (ws.py:648):  Listening loop stopped due to network error exception (ConnectionClosedError): no close frame received or sent[0m
[35;21m2025-11-10 16:35:32,042 [0m[30;1m[ERROR]: [0m[31;21min megamicros.log (ws.py:549): Failed to connect to remote server (TimeoutError): timed out during opening handshake[0m
[35;21m2025-11-10 16:35:36,363 [0m[30;1m[ERROR]: [0m[31;21min megamicros.log (ws.py:300): Halt failed: timed out during opening handshake[0m
[35;21m2025-11-10 16:36:02,104 [0m[30;1m[ERROR]: [0m[31;21min megamicros.log (ws.py:549): Failed to connect to remote server (TimeoutError): timed out during opening handshake[0m
[35;21m2025-11-10 16:36:06,928 [0m[30;1m[ERROR]: [0m[31;21min megamicros.log (ws.py:300): Halt failed: timed out during opening handshake[0m
[35;21m2025-11-10 16:36:24,873 [0m[30;1m[ERROR]: [0m[31;21min megamicros.log (h5.py:629): Quitting run() execution on Exception (KeyError): 'Unable to synchronously open object (component not found)'[0m
[35;21m2025-11-10 16:37:33,203 [0m[30;1m[ERROR]: [0m[31;21min megamicros.log (h5.py:629): Quitting run() execution on Exception (KeyError): 'Unable to synchronously open object (component not found)'[0m
[35;21m2025-11-10 17:15:03,638 [0m[30;1m[ERROR]: [0m[31;21min megamicros.log (h5.py:629): Quitting run() execution on Exception (MemoryError): Unable to allocate 625. KiB for an array with shape (8, 20000) and data type int32[0m
[35;21m2025-11-10 17:15:10,004 [0m[30;1m[ERROR]: [0m[31;21min megamicros.log (h5.py:629): Quitting run() execution on Exception (MemoryError): Unable to allocate 625. KiB for an array with shape (8, 20000) and data type int32[0m
[35;21m2025-11-10 17:19:10,230 [0m[30;1m[ERROR]: [0m[31;21min megamicros.log (ws.py:300): Halt failed: Halt command failed on remote server: There is no listener job or run job to halt[0m
[35;21m2025-11-10 17:19:49,676 [0m[30;1m[ERROR]: [0m[31;21min megamicros.log (ws.py:300): Halt failed: Halt command failed on remote server: There is no listener job or run job to halt[0m
[35;21m2025-11-10 18:09:28,039 [0m[30;1m[ERROR]: [0m[31;21min megamicros.log (ws.py:648):  Listening loop stopped due to network error exception (ConnectionClosedError): no close frame received or sent[0m
[35;21m2025-11-10 18:09:28,097 [0m[30;1m[ERROR]: [0m[31;21min megamicros.log (ws.py:648):  Listening loop stopped due to network error exception (ConnectionClosedError): no close frame received or sent[0m
[35;21m2025-11-10 18:09:28,099 [0m[30;1m[ERROR]: [0m[31;21min megamicros.log (ws.py:648):  Listening loop stopped due to network error exception (ConnectionClosedError): no close frame received or sent[0m
[35;21m2025-11-10 18:09:28,099 [0m[30;1m[ERROR]: [0m[31;21min megamicros.log (ws.py:648):  Listening loop stopped due to network error exception (ConnectionClosedError): no close frame received or sent[0m
[35;21m2025-11-10 18:09:28,141 [0m[30;1m[ERROR]: [0m[31;21min megamicros.log (ws.py:648):  Listening loop stopped due to network error exception (ConnectionClosedError): no close frame received or sent[0m
[35;21m2025-11-10 18:09:28,143 [0m[30;1m[ERROR]: [0m[31;21min megamicros.log (ws.py:648):  Listening loop stopped due to network error exception (ConnectionClosedError): no close frame received or sent[0m
[35;21m2025-11-10 18:09:28,233 [0m[30;1m[ERROR]: [0m[31;21min megamicros.log (ws.py:648):  Listening loop stopped due to network error exception (ConnectionClosedError): no close frame received or sent[0m
[35;21m2025-11-10 18:09:28,247 [0m[30;1m[ERROR]: [0m[31;21min megamicros.log (ws.py:648):  Listening loop stopped due to network error exception (ConnectionClosedError): no close frame received or sent[0m
[35;21m2025-11-10 18:09:28,314 [0m[30;1m[ERROR]: [0m[31;21min megamicros.log (ws.py:648):  Listening loop stopped due to network error exception (ConnectionClosedError): no close frame received or sent[0m
[35;21m2025-11-10 18:09:28,320 [0m[30;1m[ERROR]: [0m[31;21min megamicros.log (ws.py:648):  Listening loop stopped due to network error exception (ConnectionClosedError): no close frame received or sent[0m
[35;21m2025-11-10 18:09:28,524 [0m[30;1m[ERROR]: [0m[31;21min megamicros.log (ws.py:648):  Listening loop stopped due to network error exception (ConnectionClosedError): no close frame received or sent[0m
[35;21m2025-11-10 18:09:28,526 [0m[30;1m[ERROR]: [0m[31;21min megamicros.log (ws.py:648):  Listening loop stopped due to network error exception (ConnectionClosedError): no close frame received or sent[0m
[35;21m2025-11-11 13:03:36,425 [0m[30;1m[ERROR]: [0m[31;21min megamicros.log (h5.py:629): Quitting run() execution on Exception (MemoryError): Unable to allocate 625. KiB for an array with shape (8, 20000) and data type int32[0m
[35;21m2025-11-15 22:33:32,434 [0m[30;1m[ERROR]: [0m[31;21min megamicros.log (h5.py:629): Quitting run() execution on Exception (KeyError): 'Unable to synchronously open object (component not found)'[0m
[35;21m2025-11-15 22:50:00,237 [0m[30;1m[ERROR]: [0m[31;21min megamicros.log (h5.py:629): Quitting run() execution on Exception (KeyError): 'Unable to synchronously open object (component not found)'[0m
